Arguments: 
  /usr/local/Cellar/node@10/10.15.3/bin/node /usr/local/bin/yarn install --silent --ignore-engines

PATH: 
  /var/folders/2v/slfpz9154fs8np591r14f25c0000gp/T/yarn--1558428674289-0.6625598143100622:/Users/cvitadello/dev/point_cloud_viewer/node_modules/.bin:/Users/cvitadello/.config/yarn/link/node_modules/.bin:/Users/cvitadello/dev/point_cloud_viewer/node_modules/.bin:/usr/local/Cellar/node@10/10.15.3/libexec/lib/node_modules/npm/bin/node-gyp-bin:/usr/local/Cellar/node@10/10.15.3/lib/node_modules/npm/bin/node-gyp-bin:/usr/local/Cellar/node@10/10.15.3/bin/node_modules/npm/bin/node-gyp-bin:/usr/local/opt/node@10/bin:/Users/cvitadello/.cargo/bin:/Users/cvitadello/dev/go/bin:/usr/local/bin:/usr/bin:/bin:/usr/sbin:/sbin:/usr/local/opt/node@10/bin:/Users/cvitadello/.cargo/bin:/Users/cvitadello/dev/go/bin

Yarn version: 
  1.16.0

Node version: 
  10.15.3

Platform: 
  darwin x64

Trace: 
  Error: https://registry.yarnpkg.com/@lyft%2ftypescript-style-guide: Not found
      at Request.params.callback [as _callback] (/usr/local/lib/node_modules/yarn/lib/cli.js:66091:18)
      at Request.self.callback (/usr/local/lib/node_modules/yarn/lib/cli.js:129590:22)
      at Request.emit (events.js:189:13)
      at Request.<anonymous> (/usr/local/lib/node_modules/yarn/lib/cli.js:130562:10)
      at Request.emit (events.js:189:13)
      at IncomingMessage.<anonymous> (/usr/local/lib/node_modules/yarn/lib/cli.js:130484:12)
      at Object.onceWrapper (events.js:277:13)
      at IncomingMessage.emit (events.js:194:15)
      at endReadableNT (_stream_readable.js:1125:12)
      at process._tickCallback (internal/process/next_tick.js:63:19)

npm manifest: 
  {
      "private": true,
      "workspaces": [
          "octree_web_viewer/client",
          "xray/client"
      ],
      "scripts": {
          "build_all": "yarn install --silent --ignore-engines && yarn wsrun build",
          "test": "yarn wsrun --exclude-missing test"
      },
      "devDependencies": {
          "@lyft/typescript-style-guide": "^8.0.0",
          "typescript": "^3.3.3",
          "wsrun": "^3.3.3"
      }
  }

yarn manifest: 
  No manifest

Lockfile: 
  No lockfile
